# This is the CMakeCache file.
# For build in directory: /home/memzfs_projects/MLBuf_extension/OR_latest/build
# It was generated by CMake: /home/tool/cmake/cmake-3.25.1-linux-x86_64/bin/cmake
# You can edit this file to change values found and used by cmake.
# If you do not want to change any of the values, simply exit the editor.
# If you do want to change a value, simply edit, save, and exit the editor.
# The syntax for the file is as follows:
# KEY:TYPE=VALUE
# KEY is the name of a variable in the cache.
# TYPE is a hint to GUIs for the type of VALUE, DO NOT EDIT TYPE!.
# VALUE is the current value for the KEY.

########################
# EXTERNAL cache entries
########################

//Flag to allow compilation with compiler warnings: on by default
ALLOW_WARNINGS:BOOL=ON

//Enable Address Sanitizer
ASAN:BOOL=OFF

//Path to a program.
BASH_PROGRAM:FILEPATH=/usr/bin/bash

//path to the bison executable
BISON_EXECUTABLE:FILEPATH=/home/tool/bison/install/3.8.2/bin/bison

//Builds the googlemock subproject
BUILD_GMOCK:BOOL=ON

//Build the GUI
BUILD_GUI:BOOL=ON

//Enable building man pages
BUILD_MAN:BOOL=OFF

//Build the Python3 interface
BUILD_PYTHON:BOOL=ON

//Build with tclX included
BUILD_TCLX:BOOL=ON

//The directory containing a CMake configuration file for Boost.
Boost_DIR:PATH=/home/tool/boost/boost_1_81_0/lib/cmake/Boost-1.81.0

//Path to a program.
CMAKE_ADDR2LINE:FILEPATH=/home/tool/binutils/binutils-2.27/bin/addr2line

//Path to a program.
CMAKE_AR:FILEPATH=/home/tool/binutils/binutils-2.27/bin/ar

//Choose the type of build, options are: None Debug Release RelWithDebInfo
// MinSizeRel ...
CMAKE_BUILD_TYPE:STRING=

//Enable/Disable color output during build.
CMAKE_COLOR_MAKEFILE:BOOL=ON

//CXX compiler
CMAKE_CXX_COMPILER:FILEPATH=/home/tool/gcc/gcc-9.3.0/bin/x86_64-pc-linux-gnu-g++

//A wrapper around 'ar' adding the appropriate '--plugin' option
// for the GCC compiler
CMAKE_CXX_COMPILER_AR:FILEPATH=/home/tool/gcc/gcc-9.3.0/bin/x86_64-pc-linux-gnu-gcc-ar

//A wrapper around 'ranlib' adding the appropriate '--plugin' option
// for the GCC compiler
CMAKE_CXX_COMPILER_RANLIB:FILEPATH=/home/tool/gcc/gcc-9.3.0/bin/x86_64-pc-linux-gnu-gcc-ranlib

//Flags used by the CXX compiler during all build types.
CMAKE_CXX_FLAGS:STRING=

//Flags used by the CXX compiler during DEBUG builds.
CMAKE_CXX_FLAGS_DEBUG:STRING=-g

//Flags used by the CXX compiler during MINSIZEREL builds.
CMAKE_CXX_FLAGS_MINSIZEREL:STRING=-Os -DNDEBUG

//Flags used by the CXX compiler during RELEASE builds.
CMAKE_CXX_FLAGS_RELEASE:STRING=-O3 -DNDEBUG

CMAKE_CXX_FLAGS_RELEASEWITHASSERTS:STRING=-O3 -DNDEBUG -UNDEBUG

//Flags used by the CXX compiler during RELWITHDEBINFO builds.
CMAKE_CXX_FLAGS_RELWITHDEBINFO:STRING=-O2 -g -DNDEBUG

//the C++ standard to use for this project
CMAKE_CXX_STANDARD:STRING=17

//C compiler
CMAKE_C_COMPILER:FILEPATH=/home/tool/gcc/gcc-9.3.0/bin/x86_64-pc-linux-gnu-gcc

//A wrapper around 'ar' adding the appropriate '--plugin' option
// for the GCC compiler
CMAKE_C_COMPILER_AR:FILEPATH=/home/tool/gcc/gcc-9.3.0/bin/x86_64-pc-linux-gnu-gcc-ar

//A wrapper around 'ranlib' adding the appropriate '--plugin' option
// for the GCC compiler
CMAKE_C_COMPILER_RANLIB:FILEPATH=/home/tool/gcc/gcc-9.3.0/bin/x86_64-pc-linux-gnu-gcc-ranlib

//Flags used by the C compiler during all build types.
CMAKE_C_FLAGS:STRING=

//Flags used by the C compiler during DEBUG builds.
CMAKE_C_FLAGS_DEBUG:STRING=-g

//Flags used by the C compiler during MINSIZEREL builds.
CMAKE_C_FLAGS_MINSIZEREL:STRING=-Os -DNDEBUG

//Flags used by the C compiler during RELEASE builds.
CMAKE_C_FLAGS_RELEASE:STRING=-O3 -DNDEBUG

CMAKE_C_FLAGS_RELEASEWITHASSERTS:STRING=-O3 -DNDEBUG -UNDEBUG

//Flags used by the C compiler during RELWITHDEBINFO builds.
CMAKE_C_FLAGS_RELWITHDEBINFO:STRING=-O2 -g -DNDEBUG

//Path to a program.
CMAKE_DLLTOOL:FILEPATH=CMAKE_DLLTOOL-NOTFOUND

//Flags used by the linker during all build types.
CMAKE_EXE_LINKER_FLAGS:STRING=

//Flags used by the linker during DEBUG builds.
CMAKE_EXE_LINKER_FLAGS_DEBUG:STRING=

//Flags used by the linker during MINSIZEREL builds.
CMAKE_EXE_LINKER_FLAGS_MINSIZEREL:STRING=

//Flags used by the linker during RELEASE builds.
CMAKE_EXE_LINKER_FLAGS_RELEASE:STRING=

//Flags used by the linker during RELWITHDEBINFO builds.
CMAKE_EXE_LINKER_FLAGS_RELWITHDEBINFO:STRING=

//Enable/Disable output of compile commands during generation.
CMAKE_EXPORT_COMPILE_COMMANDS:BOOL=

//Value Computed by CMake.
CMAKE_FIND_PACKAGE_REDIRECTS_DIR:STATIC=/home/memzfs_projects/MLBuf_extension/OR_latest/build/CMakeFiles/pkgRedirects

//User executables (bin)
CMAKE_INSTALL_BINDIR:PATH=bin

//Read-only architecture-independent data (DATAROOTDIR)
CMAKE_INSTALL_DATADIR:PATH=

//Read-only architecture-independent data root (share)
CMAKE_INSTALL_DATAROOTDIR:PATH=share

//Documentation root (DATAROOTDIR/doc/PROJECT_NAME)
CMAKE_INSTALL_DOCDIR:PATH=

//C header files (include)
CMAKE_INSTALL_INCLUDEDIR:PATH=include

//Info documentation (DATAROOTDIR/info)
CMAKE_INSTALL_INFODIR:PATH=

//Object code libraries (lib64)
CMAKE_INSTALL_LIBDIR:PATH=lib64

//Program executables (libexec)
CMAKE_INSTALL_LIBEXECDIR:PATH=libexec

//Locale-dependent data (DATAROOTDIR/locale)
CMAKE_INSTALL_LOCALEDIR:PATH=

//Modifiable single-machine data (var)
CMAKE_INSTALL_LOCALSTATEDIR:PATH=var

//Man documentation (DATAROOTDIR/man)
CMAKE_INSTALL_MANDIR:PATH=

//C header files for non-gcc (/usr/include)
CMAKE_INSTALL_OLDINCLUDEDIR:PATH=/usr/include

//Install path prefix, prepended onto install directories.
CMAKE_INSTALL_PREFIX:PATH=/usr/local

//Run-time variable data (LOCALSTATEDIR/run)
CMAKE_INSTALL_RUNSTATEDIR:PATH=

//System admin executables (sbin)
CMAKE_INSTALL_SBINDIR:PATH=sbin

//Modifiable architecture-independent data (com)
CMAKE_INSTALL_SHAREDSTATEDIR:PATH=com

//Read-only single-machine data (etc)
CMAKE_INSTALL_SYSCONFDIR:PATH=etc

//Path to a program.
CMAKE_LINKER:FILEPATH=/home/tool/binutils/binutils-2.27/bin/ld

//Path to a program.
CMAKE_MAKE_PROGRAM:FILEPATH=/usr/bin/gmake

//Flags used by the linker during the creation of modules during
// all build types.
CMAKE_MODULE_LINKER_FLAGS:STRING=

//Flags used by the linker during the creation of modules during
// DEBUG builds.
CMAKE_MODULE_LINKER_FLAGS_DEBUG:STRING=

//Flags used by the linker during the creation of modules during
// MINSIZEREL builds.
CMAKE_MODULE_LINKER_FLAGS_MINSIZEREL:STRING=

//Flags used by the linker during the creation of modules during
// RELEASE builds.
CMAKE_MODULE_LINKER_FLAGS_RELEASE:STRING=

//Flags used by the linker during the creation of modules during
// RELWITHDEBINFO builds.
CMAKE_MODULE_LINKER_FLAGS_RELWITHDEBINFO:STRING=

//Path to a program.
CMAKE_NM:FILEPATH=/home/tool/binutils/binutils-2.27/bin/nm

//Path to a program.
CMAKE_OBJCOPY:FILEPATH=/home/tool/binutils/binutils-2.27/bin/objcopy

//Path to a program.
CMAKE_OBJDUMP:FILEPATH=/home/tool/binutils/binutils-2.27/bin/objdump

//Value Computed by CMake
CMAKE_PROJECT_DESCRIPTION:STATIC=

//Value Computed by CMake
CMAKE_PROJECT_HOMEPAGE_URL:STATIC=

//Value Computed by CMake
CMAKE_PROJECT_NAME:STATIC=OpenROAD

//Value Computed by CMake
CMAKE_PROJECT_VERSION:STATIC=1

//Value Computed by CMake
CMAKE_PROJECT_VERSION_MAJOR:STATIC=1

//Value Computed by CMake
CMAKE_PROJECT_VERSION_MINOR:STATIC=

//Value Computed by CMake
CMAKE_PROJECT_VERSION_PATCH:STATIC=

//Value Computed by CMake
CMAKE_PROJECT_VERSION_TWEAK:STATIC=

//Path to a program.
CMAKE_RANLIB:FILEPATH=/home/tool/binutils/binutils-2.27/bin/ranlib

//Path to a program.
CMAKE_READELF:FILEPATH=/home/tool/binutils/binutils-2.27/bin/readelf

//Flags used by the linker during the creation of shared libraries
// during all build types.
CMAKE_SHARED_LINKER_FLAGS:STRING=

//Flags used by the linker during the creation of shared libraries
// during DEBUG builds.
CMAKE_SHARED_LINKER_FLAGS_DEBUG:STRING=

//Flags used by the linker during the creation of shared libraries
// during MINSIZEREL builds.
CMAKE_SHARED_LINKER_FLAGS_MINSIZEREL:STRING=

//Flags used by the linker during the creation of shared libraries
// during RELEASE builds.
CMAKE_SHARED_LINKER_FLAGS_RELEASE:STRING=

//Flags used by the linker during the creation of shared libraries
// during RELWITHDEBINFO builds.
CMAKE_SHARED_LINKER_FLAGS_RELWITHDEBINFO:STRING=

//If set, runtime paths are not added when installing shared libraries,
// but are added when building.
CMAKE_SKIP_INSTALL_RPATH:BOOL=NO

//If set, runtime paths are not added when using shared libraries.
CMAKE_SKIP_RPATH:BOOL=NO

//Flags used by the linker during the creation of static libraries
// during all build types.
CMAKE_STATIC_LINKER_FLAGS:STRING=

//Flags used by the linker during the creation of static libraries
// during DEBUG builds.
CMAKE_STATIC_LINKER_FLAGS_DEBUG:STRING=

//Flags used by the linker during the creation of static libraries
// during MINSIZEREL builds.
CMAKE_STATIC_LINKER_FLAGS_MINSIZEREL:STRING=

//Flags used by the linker during the creation of static libraries
// during RELEASE builds.
CMAKE_STATIC_LINKER_FLAGS_RELEASE:STRING=

//Flags used by the linker during the creation of static libraries
// during RELWITHDEBINFO builds.
CMAKE_STATIC_LINKER_FLAGS_RELWITHDEBINFO:STRING=

//Path to a program.
CMAKE_STRIP:FILEPATH=/home/tool/binutils/binutils-2.27/bin/strip

//If this value is on, makefiles will be generated without the
// .SILENT directive, and all commands will be echoed to the console
// during the make.  This is useful for debugging only. With Visual
// Studio IDE projects all commands are done without /nologo.
CMAKE_VERBOSE_MAKEFILE:BOOL=FALSE

//CUDD BDD package directory
CUDD_DIR:BOOL=OFF

//Path to a file.
CUDD_HEADER:FILEPATH=/home/tool/cudd/cudd-3.0.0/include/cudd.h

//Path to a library.
CUDD_LIB:FILEPATH=/home/tool/cudd/cudd-3.0.0/lib/libcudd.a

//The directory containing a CMake configuration file for Cbc.
Cbc_DIR:PATH=/home/tool/ortools/install/or-tools_cpp_CentOSStream-8-64bit_v9.4.1874/lib64/cmake/Cbc

//The directory containing a CMake configuration file for Cgl.
Cgl_DIR:PATH=/home/tool/ortools/install/or-tools_cpp_CentOSStream-8-64bit_v9.4.1874/lib64/cmake/Cgl

//The directory containing a CMake configuration file for Clp.
Clp_DIR:PATH=/home/tool/ortools/install/or-tools_cpp_CentOSStream-8-64bit_v9.4.1874/lib64/cmake/Clp

//The directory containing a CMake configuration file for CoinUtils.
CoinUtils_DIR:PATH=/home/tool/ortools/install/or-tools_cpp_CentOSStream-8-64bit_v9.4.1874/lib64/cmake/CoinUtils

//Check for underflow in drt cost calculations
DEBUG_DRT_UNDERFLOW:BOOL=OFF

//Value Computed by CMake
DEF_PARSER_BINARY_DIR:STATIC=/home/memzfs_projects/MLBuf_extension/OR_latest/build/src/odb/src/def

//Value Computed by CMake
DEF_PARSER_IS_TOP_LEVEL:STATIC=OFF

//Value Computed by CMake
DEF_PARSER_SOURCE_DIR:STATIC=/home/memzfs_projects/MLBuf_extension/OR_latest/src/odb/src/def

//Dot tool for use with Doxygen
DOXYGEN_DOT_EXECUTABLE:FILEPATH=/usr/bin/dot

//Doxygen documentation generation tool (https://www.doxygen.nl)
DOXYGEN_EXECUTABLE:FILEPATH=/home/tool/doxygen/install/1.8.15/bin/doxygen

//Compile with address santizer enabled
ENABLE_ASAN:BOOL=OFF

//Enable OpenROAD tests
ENABLE_TESTS:BOOL=ON

//Compile with thread santizer enabled
ENABLE_TSAN:BOOL=OFF

//The directory containing a CMake configuration file for Eigen3.
Eigen3_DIR:PATH=/home/tool/ortools/install/or-tools_cpp_CentOSStream-8-64bit_v9.4.1874/share/eigen3/cmake

//Directory under which to collect all populated content
FETCHCONTENT_BASE_DIR:PATH=/home/memzfs_projects/MLBuf_extension/OR_latest/build/_deps

//Disables all attempts to download or update content and assumes
// source dirs already exist
FETCHCONTENT_FULLY_DISCONNECTED:BOOL=OFF

//Enables QUIET option for all content population
FETCHCONTENT_QUIET:BOOL=ON

//When not empty, overrides where to find pre-populated content
// for googletest
FETCHCONTENT_SOURCE_DIR_GOOGLETEST:PATH=

//Enables UPDATE_DISCONNECTED behavior for all content population
FETCHCONTENT_UPDATES_DISCONNECTED:BOOL=OFF

//Enables UPDATE_DISCONNECTED behavior just for population of googletest
FETCHCONTENT_UPDATES_DISCONNECTED_GOOGLETEST:BOOL=OFF

//path to the flex executable
FLEX_EXECUTABLE:FILEPATH=/home/tool/flex/2.6.4/bin/flex

//Path to the flex headers
FLEX_INCLUDE_DIR:PATH=/home/tool/flex/2.6.4/include

//Path to the fl library
FL_LIBRARY:FILEPATH=FL_LIBRARY-NOTFOUND

//Git command line client
GIT_EXECUTABLE:FILEPATH=/home/tool/git/install/2.9.5/bin/git

//Use Abseil and RE2. Requires Abseil and RE2 to be separately
// added to the build.
GTEST_HAS_ABSL:BOOL=OFF

//The directory containing a CMake configuration file for GTest.
GTest_DIR:PATH=/home/c3shah/.local/lib64/cmake/GTest

//Enable installation of googletest. (Projects embedding googletest
// may want to turn this OFF.)
INSTALL_GTEST:BOOL=ON

//The directory containing a CMake configuration file for LEMON.
LEMON_DIR:PATH=/home/tool/lemon/lemon-1.3.1/share/lemon/cmake

//LEMON include directory
LEMON_INCLUDE_DIR:PATH=/home/tool/lemon/lemon-1.3.1/include

//LEMON library
LEMON_LIBRARY:FILEPATH=/home/tool/lemon/lemon-1.3.1/lib/libemon.a

//Path to a library.
LIBRT:FILEPATH=/usr/lib64/librt.so

//Flag to control link time optimization: off by default
LINK_TIME_OPTIMIZATION:BOOL=OFF

//Load CPLEX
LOAD_CPLEX:BOOL=OFF

//Value Computed by CMake
Munkres_BINARY_DIR:STATIC=/home/memzfs_projects/MLBuf_extension/OR_latest/build/src/ppl/src/munkres

//Value Computed by CMake
Munkres_IS_TOP_LEVEL:STATIC=OFF

//Value Computed by CMake
Munkres_SOURCE_DIR:STATIC=/home/memzfs_projects/MLBuf_extension/OR_latest/src/ppl/src/munkres

//CXX compiler flags for OpenMP parallelization
OpenMP_CXX_FLAGS:STRING=-fopenmp

//CXX compiler libraries for OpenMP parallelization
OpenMP_CXX_LIB_NAMES:STRING=gomp;pthread

//C compiler flags for OpenMP parallelization
OpenMP_C_FLAGS:STRING=-fopenmp

//C compiler libraries for OpenMP parallelization
OpenMP_C_LIB_NAMES:STRING=gomp;pthread

//Path to the gomp library for OpenMP
OpenMP_gomp_LIBRARY:FILEPATH=/home/tool/gcc/gcc-9.3.0/lib64/libgomp.so

//Path to the pthread library for OpenMP
OpenMP_pthread_LIBRARY:FILEPATH=/lib64/libpthread.so

//Value Computed by CMake
OpenRCX_BINARY_DIR:STATIC=/home/memzfs_projects/MLBuf_extension/OR_latest/build/src/rcx

//Value Computed by CMake
OpenRCX_IS_TOP_LEVEL:STATIC=OFF

//Value Computed by CMake
OpenRCX_SOURCE_DIR:STATIC=/home/memzfs_projects/MLBuf_extension/OR_latest/src/rcx

//Value Computed by CMake
OpenROAD_BINARY_DIR:STATIC=/home/memzfs_projects/MLBuf_extension/OR_latest/build

//Value Computed by CMake
OpenROAD_IS_TOP_LEVEL:STATIC=ON

//Value Computed by CMake
OpenROAD_SOURCE_DIR:STATIC=/home/memzfs_projects/MLBuf_extension/OR_latest

//Dependencies for the target
OpenSTA_LIB_DEPENDS:STATIC=general;/home/tool/tcl/tcl8.6.6/lib/libtcl.so;general;-pthread;general;/home/tool/cudd/cudd-3.0.0/lib/libcudd.a;general;/usr/lib64/libz.so;general;/usr/lib64/libtclreadline.so;

//The directory containing a CMake configuration file for Osi.
Osi_DIR:PATH=/home/tool/ortools/install/or-tools_cpp_CentOSStream-8-64bit_v9.4.1874/lib64/cmake/Osi

//The directory containing a CMake configuration file for Protobuf.
Protobuf_DIR:PATH=/home/tool/ortools/install/or-tools_cpp_CentOSStream-8-64bit_v9.4.1874/lib64/cmake/protobuf

//The directory containing a CMake configuration file for Qt5Charts.
Qt5Charts_DIR:PATH=/usr/lib64/cmake/Qt5Charts

//The directory containing a CMake configuration file for Qt5Core.
Qt5Core_DIR:PATH=/usr/lib64/cmake/Qt5Core

//The directory containing a CMake configuration file for Qt5Gui.
Qt5Gui_DIR:PATH=/usr/lib64/cmake/Qt5Gui

//The directory containing a CMake configuration file for Qt5Widgets.
Qt5Widgets_DIR:PATH=/usr/lib64/cmake/Qt5Widgets

//The directory containing a CMake configuration file for Qt5.
Qt5_DIR:PATH=/usr/lib64/cmake/Qt5

//The directory containing a CMake configuration file for SCIP.
SCIP_DIR:PATH=/home/tool/ortools/install/or-tools_cpp_CentOSStream-8-64bit_v9.4.1874/lib/cmake/scip

//Value Computed by CMake
STA_BINARY_DIR:STATIC=/home/memzfs_projects/MLBuf_extension/OR_latest/build/src/sta

//Value Computed by CMake
STA_IS_TOP_LEVEL:STATIC=OFF

//Value Computed by CMake
STA_SOURCE_DIR:STATIC=/home/memzfs_projects/MLBuf_extension/OR_latest/src/sta

//Path to a file.
SWIG_DIR:PATH=/home/tool/swig/install/4.0.0/share/swig/4.0.0

//Path to a program.
SWIG_EXECUTABLE:FILEPATH=/home/tool/swig/install/4.0.0/bin/swig

//Swig version
SWIG_VERSION:STRING=4.0.0

//Path to a file.
TCL_HEADER:FILEPATH=/home/tool/tcl/tcl8.6.6/include/tcl.h

//Path to a library.
TCL_LIBRARY:FILEPATH=/home/tool/tcl/tcl8.6.6/lib/libtcl.so

//Path to a file.
TCL_READLINE_H:PATH=/usr/include

//Path to a file.
TCL_READLINE_INCLUDE:PATH=/usr/include

//Path to a library.
TCL_READLINE_LIBRARY:FILEPATH=/usr/lib64/libtclreadline.so

//Enable Thread Sanitizer
TSAN:BOOL=OFF

//Enable Undefined Behavior Sanitizer
UBSAN:BOOL=OFF

//Use system shared ABC library
USE_SYSTEM_ABC:BOOL=OFF

//Use system shared Boost libraries
USE_SYSTEM_BOOST:BOOL=OFF

//Use system shared OpenSTA library
USE_SYSTEM_OPENSTA:BOOL=OFF

//Path to a file.
VTune_INCLUDE_DIRS:PATH=/home/tool/intel/vtune_amplifier/include

//Path to a library.
VTune_LIBRARIES:FILEPATH=/home/tool/intel/vtune_amplifier/lib64/libittnotify.a

//Path to a file.
ZLIB_INCLUDE_DIR:PATH=/home/tool/ortools/install/or-tools_cpp_CentOSStream-8-64bit_v9.4.1874/include

//Path to a library.
ZLIB_LIBRARY_DEBUG:FILEPATH=ZLIB_LIBRARY_DEBUG-NOTFOUND

//Path to a library.
ZLIB_LIBRARY_RELEASE:FILEPATH=/usr/lib64/libz.so

//Value Computed by CMake
abc_BINARY_DIR:STATIC=/home/memzfs_projects/MLBuf_extension/OR_latest/build/third-party/abc

//Value Computed by CMake
abc_IS_TOP_LEVEL:STATIC=OFF

//Value Computed by CMake
abc_SOURCE_DIR:STATIC=/home/memzfs_projects/MLBuf_extension/OR_latest/third-party/abc

//The directory containing a CMake configuration file for absl.
absl_DIR:PATH=/home/tool/ortools/install/or-tools_cpp_CentOSStream-8-64bit_v9.4.1874/lib64/cmake/absl

//Dependencies for the target
ant_LIB_DEPENDS:STATIC=general;ant_lib;general;grt_lib;general;utl_lib;

//Dependencies for the target
ant_py_LIB_DEPENDS:STATIC=general;Python3::Python;general;grt;general;utl_lib;

//The directory containing a CMake configuration file for boost_headers.
boost_headers_DIR:PATH=/home/tool/boost/boost_1_81_0/lib/cmake/boost_headers-1.81.0

//The directory containing a CMake configuration file for boost_iostreams.
boost_iostreams_DIR:PATH=/home/tool/boost/boost_1_81_0/lib/cmake/boost_iostreams-1.81.0

//The directory containing a CMake configuration file for boost_serialization.
boost_serialization_DIR:PATH=/home/tool/boost/boost_1_81_0/lib/cmake/boost_serialization-1.81.0

//The directory containing a CMake configuration file for boost_system.
boost_system_DIR:PATH=/home/tool/boost/boost_1_81_0/lib/cmake/boost_system-1.81.0

//The directory containing a CMake configuration file for boost_thread.
boost_thread_DIR:PATH=/home/tool/boost/boost_1_81_0/lib/cmake/boost_thread-1.81.0

//Value Computed by CMake
cgt_BINARY_DIR:STATIC=/home/memzfs_projects/MLBuf_extension/OR_latest/build/src/cgt/src

//Value Computed by CMake
cgt_IS_TOP_LEVEL:STATIC=OFF

//Dependencies for the target
cgt_LIB_DEPENDS:STATIC=general;dbSta;general;OpenSTA;general;cut;general;dbSta_lib;general;utl_lib;

//Value Computed by CMake
cgt_SOURCE_DIR:STATIC=/home/memzfs_projects/MLBuf_extension/OR_latest/src/cgt/src

//Dependencies for the target
cgt_py_LIB_DEPENDS:STATIC=general;Python3::Python;general;cgt;general;dbSta;general;OpenSTA;general;cut;

//Dependencies for the target
cts_LIB_DEPENDS:STATIC=general;cts_lib;general;dbSta_lib;general;rsz_lib;general;OpenSTA;general;gui;

//Dependencies for the target
cts_py_LIB_DEPENDS:STATIC=general;Python3::Python;general;cts;general;dbSta;general;OpenSTA;general;rsz;

//Value Computed by CMake
cut_BINARY_DIR:STATIC=/home/memzfs_projects/MLBuf_extension/OR_latest/build/src/cut/src

//Value Computed by CMake
cut_IS_TOP_LEVEL:STATIC=OFF

//Value Computed by CMake
cut_SOURCE_DIR:STATIC=/home/memzfs_projects/MLBuf_extension/OR_latest/src/cut/src

//Dependencies for the target
dbSta_LIB_DEPENDS:STATIC=general;OpenSTA;general;utl_lib;general;dbSta_lib;

//Value Computed by CMake
dft_BINARY_DIR:STATIC=/home/memzfs_projects/MLBuf_extension/OR_latest/build/src/dft

//Value Computed by CMake
dft_IS_TOP_LEVEL:STATIC=OFF

//Dependencies for the target
dft_LIB_DEPENDS:STATIC=general;dbSta;general;OpenSTA;general;dft_cells_lib;general;dft_architect_lib;general;dft_config_lib;general;dft_replace_lib;general;dft_clock_domain_lib;general;dft_utils_lib;general;dft_stitch_lib;

//Value Computed by CMake
dft_SOURCE_DIR:STATIC=/home/memzfs_projects/MLBuf_extension/OR_latest/src/dft

//Dependencies for the target
dft_py_LIB_DEPENDS:STATIC=general;Python3::Python;general;dft;

//Dependencies for the target
dpl_LIB_DEPENDS:STATIC=general;/home/tool/tcl/tcl8.6.6/lib/libtcl.so;general;dpl_lib;general;gui;

//Dependencies for the target
dpl_py_LIB_DEPENDS:STATIC=general;Python3::Python;general;dpl_lib;general;gui;

//Value Computed by CMake
drt_BINARY_DIR:STATIC=/home/memzfs_projects/MLBuf_extension/OR_latest/build/src/drt

//Value Computed by CMake
drt_IS_TOP_LEVEL:STATIC=OFF

//Dependencies for the target
drt_LIB_DEPENDS:STATIC=general;drt_lib;general;gui;general;VTune::VTune;

//Value Computed by CMake
drt_SOURCE_DIR:STATIC=/home/memzfs_projects/MLBuf_extension/OR_latest/src/drt

//Dependencies for the target
drt_py_LIB_DEPENDS:STATIC=general;Python3::Python;general;drt;

//Value Computed by CMake
dst_BINARY_DIR:STATIC=/home/memzfs_projects/MLBuf_extension/OR_latest/build/src/dst

//Value Computed by CMake
dst_IS_TOP_LEVEL:STATIC=OFF

//Dependencies for the target
dst_LIB_DEPENDS:STATIC=general;dst_lib;

//Value Computed by CMake
dst_SOURCE_DIR:STATIC=/home/memzfs_projects/MLBuf_extension/OR_latest/src/dst

//Dependencies for the target
est_LIB_DEPENDS:STATIC=general;est_lib;general;stt;general;OpenSTA;general;dbSta;general;grt;general;utl_lib;

//Dependencies for the target
exa_LIB_DEPENDS:STATIC=general;/home/tool/tcl/tcl8.6.6/lib/libtcl.so;general;exa_lib;general;gui;

//Dependencies for the target
exa_py_LIB_DEPENDS:STATIC=general;Python3::Python;general;exa_lib;general;gui;

//Dependencies for the target
fin_LIB_DEPENDS:STATIC=general;gui;

//Dependencies for the target
fin_py_LIB_DEPENDS:STATIC=general;Python3::Python;general;fin;

//Value Computed by CMake
gmock_BINARY_DIR:STATIC=/home/memzfs_projects/MLBuf_extension/OR_latest/build/_deps/googletest-build/googlemock

//Value Computed by CMake
gmock_IS_TOP_LEVEL:STATIC=OFF

//Value Computed by CMake
gmock_SOURCE_DIR:STATIC=/home/memzfs_projects/MLBuf_extension/OR_latest/build/_deps/googletest-src/googlemock

//Build all of Google Mock's own tests.
gmock_build_tests:BOOL=OFF

//Value Computed by CMake
googletest-distribution_BINARY_DIR:STATIC=/home/memzfs_projects/MLBuf_extension/OR_latest/build/_deps/googletest-build

//Value Computed by CMake
googletest-distribution_IS_TOP_LEVEL:STATIC=OFF

//Value Computed by CMake
googletest-distribution_SOURCE_DIR:STATIC=/home/memzfs_projects/MLBuf_extension/OR_latest/build/_deps/googletest-src

//Dependencies for the target
gpl_LIB_DEPENDS:STATIC=general;utl_lib;general;gui;general;OpenSTA;general;rsz;general;grt;general;ortools::ortools;

//Dependencies for the target
gpl_py_LIB_DEPENDS:STATIC=general;Python3::Python;general;utl_lib;general;gui;general;OpenSTA;general;rsz;general;grt;

//Value Computed by CMake
grt_BINARY_DIR:STATIC=/home/memzfs_projects/MLBuf_extension/OR_latest/build/src/grt

//Value Computed by CMake
grt_IS_TOP_LEVEL:STATIC=OFF

//Dependencies for the target
grt_LIB_DEPENDS:STATIC=general;grt_lib;general;dbSta;general;gui;general;stt;general;rsz;

//Value Computed by CMake
grt_SOURCE_DIR:STATIC=/home/memzfs_projects/MLBuf_extension/OR_latest/src/grt

//Dependencies for the target
grt_py_LIB_DEPENDS:STATIC=general;Python3::Python;general;utl_lib;general;FastRoute4.1;general;CUGR;general;drt_lib;general;ant_lib;general;dpl_lib;general;dbSta;general;gui;general;stt;general;OpenSTA;

//Value Computed by CMake
gtest_BINARY_DIR:STATIC=/home/memzfs_projects/MLBuf_extension/OR_latest/build/_deps/googletest-build/googletest

//Value Computed by CMake
gtest_IS_TOP_LEVEL:STATIC=OFF

//Value Computed by CMake
gtest_SOURCE_DIR:STATIC=/home/memzfs_projects/MLBuf_extension/OR_latest/build/_deps/googletest-src/googletest

//Build gtest's sample programs.
gtest_build_samples:BOOL=OFF

//Build all of gtest's own tests.
gtest_build_tests:BOOL=OFF

//Disable uses of pthreads in gtest.
gtest_disable_pthreads:BOOL=OFF

//Use shared (DLL) run-time lib even when Google Test is built
// as static lib.
gtest_force_shared_crt:BOOL=OFF

//Build gtest with internal symbols hidden in shared libraries.
gtest_hide_internal_symbols:BOOL=OFF

//Dependencies for the target
gui_LIB_DEPENDS:STATIC=general;Qt5::Core;general;Qt5::Widgets;general;Qt5::Charts;general;utl_lib;general;OpenSTA;

//Dependencies for the target
libabc-pic_LIB_DEPENDS:STATIC=general;-lpthread;general;-lm;general;-ldl;general;-lrt;

//Dependencies for the target
libabc_LIB_DEPENDS:STATIC=general;-lpthread;general;-lm;general;-ldl;general;-lrt;

//Dependencies for the target
mpl_LIB_DEPENDS:STATIC=general;mpl_lib;general;gui;

//Value Computed by CMake
odb_BINARY_DIR:STATIC=/home/memzfs_projects/MLBuf_extension/OR_latest/build/src/odb

//Value Computed by CMake
odb_IS_TOP_LEVEL:STATIC=OFF

//Value Computed by CMake
odb_SOURCE_DIR:STATIC=/home/memzfs_projects/MLBuf_extension/OR_latest/src/odb

//Dependencies for the target
ord_py_LIB_DEPENDS:STATIC=general;Python3::Python;general;dbSta;general;OpenSTA;general;ifp;

//The directory containing a CMake configuration file for ortools.
ortools_DIR:PATH=/home/tool/ortools/install/or-tools_cpp_CentOSStream-8-64bit_v9.4.1874/lib64/cmake/ortools

//Dependencies for the target
par_LIB_DEPENDS:STATIC=general;OpenSTA;general;par_lib;

//Dependencies for the target
par_py_LIB_DEPENDS:STATIC=general;Python3::Python;general;par_lib;general;utl_lib;

//Dependencies for the target
pdn_LIB_DEPENDS:STATIC=general;utl_lib;general;gui;

//Dependencies for the target
pdn_py_LIB_DEPENDS:STATIC=general;Python3::Python;general;pdn;general;gui;

//Value Computed by CMake
ppl_BINARY_DIR:STATIC=/home/memzfs_projects/MLBuf_extension/OR_latest/build/src/ppl

//Value Computed by CMake
ppl_IS_TOP_LEVEL:STATIC=OFF

//Dependencies for the target
ppl_LIB_DEPENDS:STATIC=general;Munkres;general;utl_lib;general;gui;

//Value Computed by CMake
ppl_SOURCE_DIR:STATIC=/home/memzfs_projects/MLBuf_extension/OR_latest/src/ppl

//Dependencies for the target
ppl_py_LIB_DEPENDS:STATIC=general;Python3::Python;general;ppl;

//CMake built-in FindProtobuf.cmake module compatible
protobuf_MODULE_COMPATIBLE:BOOL=OFF

//Enable for verbose output
protobuf_VERBOSE:BOOL=OFF

//Dependencies for the target
psm_LIB_DEPENDS:STATIC=general;utl_lib;general;OpenSTA;general;dbSta;general;dpl_lib;general;est_lib;general;gui;

//Dependencies for the target
psm_py_LIB_DEPENDS:STATIC=general;Python3::Python;general;psm;

//Dependencies for the target
ram_LIB_DEPENDS:STATIC=general;dbSta;general;OpenSTA;

//Dependencies for the target
ram_py_LIB_DEPENDS:STATIC=general;Python3::Python;general;ram;

//Dependencies for the target
rcx_LIB_DEPENDS:STATIC=general;rcx_lib;general;utl_lib;

//Dependencies for the target
rcx_py_LIB_DEPENDS:STATIC=general;Python3::Python;general;rcx_lib;

//The directory containing a CMake configuration file for re2.
re2_DIR:PATH=/home/tool/ortools/install/or-tools_cpp_CentOSStream-8-64bit_v9.4.1874/lib64/cmake/re2

//Value Computed by CMake
rmp_BINARY_DIR:STATIC=/home/memzfs_projects/MLBuf_extension/OR_latest/build/src/rmp/src

//Value Computed by CMake
rmp_IS_TOP_LEVEL:STATIC=OFF

//Dependencies for the target
rmp_LIB_DEPENDS:STATIC=general;rmp_lib;

//Value Computed by CMake
rmp_SOURCE_DIR:STATIC=/home/memzfs_projects/MLBuf_extension/OR_latest/src/rmp/src

//Dependencies for the target
rmp_py_LIB_DEPENDS:STATIC=general;Python3::Python;general;rmp;general;dbSta;general;OpenSTA;general;rsz;general;cut;

//Dependencies for the target
rsz_LIB_DEPENDS:STATIC=general;rsz_lib;general;est;general;stt;general;OpenSTA;general;dbSta;general;grt;general;gui;general;utl_lib;

//The directory containing a CMake configuration file for spdlog.
spdlog_DIR:PATH=/home/tool/spdlog/install/1.15.1/lib64/cmake/spdlog

//Dependencies for the target
sta_swig_LIB_DEPENDS:STATIC=general;OpenSTA;

//Dependencies for the target
stt_LIB_DEPENDS:STATIC=general;stt_lib;general;utl_lib;general;gui;

//Dependencies for the target
stt_py_LIB_DEPENDS:STATIC=general;Python3::Python;general;stt;

//Dependencies for the target
tap_LIB_DEPENDS:STATIC=general;utl_lib;

//Dependencies for the target
tap_py_LIB_DEPENDS:STATIC=general;Python3::Python;general;tap;

//Dependencies for the target
upf_LIB_DEPENDS:STATIC=general;upf_lib;general;utl_lib;

//Dependencies for the target
utl_LIB_DEPENDS:STATIC=general;utl_lib;

//Dependencies for the target
utl_py_LIB_DEPENDS:STATIC=general;Python3::Python;general;spdlog::spdlog;

//The directory containing a CMake configuration file for yaml-cpp.
yaml-cpp_DIR:PATH=/home/tool/yaml/install/0.8.0/lib64/cmake/yaml-cpp


########################
# INTERNAL cache entries
########################

//ADVANCED property for variable: BISON_EXECUTABLE
BISON_EXECUTABLE-ADVANCED:INTERNAL=1
//ADVANCED property for variable: CMAKE_ADDR2LINE
CMAKE_ADDR2LINE-ADVANCED:INTERNAL=1
//ADVANCED property for variable: CMAKE_AR
CMAKE_AR-ADVANCED:INTERNAL=1
//This is the directory where this CMakeCache.txt was created
CMAKE_CACHEFILE_DIR:INTERNAL=/home/memzfs_projects/MLBuf_extension/OR_latest/build
//Major version of cmake used to create the current loaded cache
CMAKE_CACHE_MAJOR_VERSION:INTERNAL=3
//Minor version of cmake used to create the current loaded cache
CMAKE_CACHE_MINOR_VERSION:INTERNAL=25
//Patch version of cmake used to create the current loaded cache
CMAKE_CACHE_PATCH_VERSION:INTERNAL=1
//ADVANCED property for variable: CMAKE_COLOR_MAKEFILE
CMAKE_COLOR_MAKEFILE-ADVANCED:INTERNAL=1
//Path to CMake executable.
CMAKE_COMMAND:INTERNAL=/home/tool/cmake/cmake-3.25.1-linux-x86_64/bin/cmake
//Path to cpack program executable.
CMAKE_CPACK_COMMAND:INTERNAL=/home/tool/cmake/cmake-3.25.1-linux-x86_64/bin/cpack
//Path to ctest program executable.
CMAKE_CTEST_COMMAND:INTERNAL=/home/tool/cmake/cmake-3.25.1-linux-x86_64/bin/ctest
//ADVANCED property for variable: CMAKE_CXX_COMPILER
CMAKE_CXX_COMPILER-ADVANCED:INTERNAL=1
//ADVANCED property for variable: CMAKE_CXX_COMPILER_AR
CMAKE_CXX_COMPILER_AR-ADVANCED:INTERNAL=1
//ADVANCED property for variable: CMAKE_CXX_COMPILER_RANLIB
CMAKE_CXX_COMPILER_RANLIB-ADVANCED:INTERNAL=1
//ADVANCED property for variable: CMAKE_CXX_FLAGS
CMAKE_CXX_FLAGS-ADVANCED:INTERNAL=1
//ADVANCED property for variable: CMAKE_CXX_FLAGS_DEBUG
CMAKE_CXX_FLAGS_DEBUG-ADVANCED:INTERNAL=1
//ADVANCED property for variable: CMAKE_CXX_FLAGS_MINSIZEREL
CMAKE_CXX_FLAGS_MINSIZEREL-ADVANCED:INTERNAL=1
//ADVANCED property for variable: CMAKE_CXX_FLAGS_RELEASE
CMAKE_CXX_FLAGS_RELEASE-ADVANCED:INTERNAL=1
//ADVANCED property for variable: CMAKE_CXX_FLAGS_RELWITHDEBINFO
CMAKE_CXX_FLAGS_RELWITHDEBINFO-ADVANCED:INTERNAL=1
//ADVANCED property for variable: CMAKE_C_COMPILER
CMAKE_C_COMPILER-ADVANCED:INTERNAL=1
//ADVANCED property for variable: CMAKE_C_COMPILER_AR
CMAKE_C_COMPILER_AR-ADVANCED:INTERNAL=1
//ADVANCED property for variable: CMAKE_C_COMPILER_RANLIB
CMAKE_C_COMPILER_RANLIB-ADVANCED:INTERNAL=1
//ADVANCED property for variable: CMAKE_C_FLAGS
CMAKE_C_FLAGS-ADVANCED:INTERNAL=1
//ADVANCED property for variable: CMAKE_C_FLAGS_DEBUG
CMAKE_C_FLAGS_DEBUG-ADVANCED:INTERNAL=1
//ADVANCED property for variable: CMAKE_C_FLAGS_MINSIZEREL
CMAKE_C_FLAGS_MINSIZEREL-ADVANCED:INTERNAL=1
//ADVANCED property for variable: CMAKE_C_FLAGS_RELEASE
CMAKE_C_FLAGS_RELEASE-ADVANCED:INTERNAL=1
//ADVANCED property for variable: CMAKE_C_FLAGS_RELWITHDEBINFO
CMAKE_C_FLAGS_RELWITHDEBINFO-ADVANCED:INTERNAL=1
//ADVANCED property for variable: CMAKE_DLLTOOL
CMAKE_DLLTOOL-ADVANCED:INTERNAL=1
//Path to cache edit program executable.
CMAKE_EDIT_COMMAND:INTERNAL=/home/tool/cmake/cmake-3.25.1-linux-x86_64/bin/ccmake
//Executable file format
CMAKE_EXECUTABLE_FORMAT:INTERNAL=ELF
//ADVANCED property for variable: CMAKE_EXE_LINKER_FLAGS
CMAKE_EXE_LINKER_FLAGS-ADVANCED:INTERNAL=1
//ADVANCED property for variable: CMAKE_EXE_LINKER_FLAGS_DEBUG
CMAKE_EXE_LINKER_FLAGS_DEBUG-ADVANCED:INTERNAL=1
//ADVANCED property for variable: CMAKE_EXE_LINKER_FLAGS_MINSIZEREL
CMAKE_EXE_LINKER_FLAGS_MINSIZEREL-ADVANCED:INTERNAL=1
//ADVANCED property for variable: CMAKE_EXE_LINKER_FLAGS_RELEASE
CMAKE_EXE_LINKER_FLAGS_RELEASE-ADVANCED:INTERNAL=1
//ADVANCED property for variable: CMAKE_EXE_LINKER_FLAGS_RELWITHDEBINFO
CMAKE_EXE_LINKER_FLAGS_RELWITHDEBINFO-ADVANCED:INTERNAL=1
//ADVANCED property for variable: CMAKE_EXPORT_COMPILE_COMMANDS
CMAKE_EXPORT_COMPILE_COMMANDS-ADVANCED:INTERNAL=1
//Name of external makefile project generator.
CMAKE_EXTRA_GENERATOR:INTERNAL=
//Name of generator.
CMAKE_GENERATOR:INTERNAL=Unix Makefiles
//Generator instance identifier.
CMAKE_GENERATOR_INSTANCE:INTERNAL=
//Name of generator platform.
CMAKE_GENERATOR_PLATFORM:INTERNAL=
//Name of generator toolset.
CMAKE_GENERATOR_TOOLSET:INTERNAL=
//Test CMAKE_HAVE_LIBC_PTHREAD
CMAKE_HAVE_LIBC_PTHREAD:INTERNAL=
//Have library pthreads
CMAKE_HAVE_PTHREADS_CREATE:INTERNAL=
//Have library pthread
CMAKE_HAVE_PTHREAD_CREATE:INTERNAL=1
//Source directory with the top level CMakeLists.txt file for this
// project
CMAKE_HOME_DIRECTORY:INTERNAL=/home/memzfs_projects/MLBuf_extension/OR_latest
//ADVANCED property for variable: CMAKE_INSTALL_BINDIR
CMAKE_INSTALL_BINDIR-ADVANCED:INTERNAL=1
//ADVANCED property for variable: CMAKE_INSTALL_DATADIR
CMAKE_INSTALL_DATADIR-ADVANCED:INTERNAL=1
//ADVANCED property for variable: CMAKE_INSTALL_DATAROOTDIR
CMAKE_INSTALL_DATAROOTDIR-ADVANCED:INTERNAL=1
//ADVANCED property for variable: CMAKE_INSTALL_DOCDIR
CMAKE_INSTALL_DOCDIR-ADVANCED:INTERNAL=1
//ADVANCED property for variable: CMAKE_INSTALL_INCLUDEDIR
CMAKE_INSTALL_INCLUDEDIR-ADVANCED:INTERNAL=1
//ADVANCED property for variable: CMAKE_INSTALL_INFODIR
CMAKE_INSTALL_INFODIR-ADVANCED:INTERNAL=1
//ADVANCED property for variable: CMAKE_INSTALL_LIBDIR
CMAKE_INSTALL_LIBDIR-ADVANCED:INTERNAL=1
//ADVANCED property for variable: CMAKE_INSTALL_LIBEXECDIR
CMAKE_INSTALL_LIBEXECDIR-ADVANCED:INTERNAL=1
//ADVANCED property for variable: CMAKE_INSTALL_LOCALEDIR
CMAKE_INSTALL_LOCALEDIR-ADVANCED:INTERNAL=1
//ADVANCED property for variable: CMAKE_INSTALL_LOCALSTATEDIR
CMAKE_INSTALL_LOCALSTATEDIR-ADVANCED:INTERNAL=1
//ADVANCED property for variable: CMAKE_INSTALL_MANDIR
CMAKE_INSTALL_MANDIR-ADVANCED:INTERNAL=1
//ADVANCED property for variable: CMAKE_INSTALL_OLDINCLUDEDIR
CMAKE_INSTALL_OLDINCLUDEDIR-ADVANCED:INTERNAL=1
//ADVANCED property for variable: CMAKE_INSTALL_RUNSTATEDIR
CMAKE_INSTALL_RUNSTATEDIR-ADVANCED:INTERNAL=1
//ADVANCED property for variable: CMAKE_INSTALL_SBINDIR
CMAKE_INSTALL_SBINDIR-ADVANCED:INTERNAL=1
//ADVANCED property for variable: CMAKE_INSTALL_SHAREDSTATEDIR
CMAKE_INSTALL_SHAREDSTATEDIR-ADVANCED:INTERNAL=1
//Install .so files without execute permission.
CMAKE_INSTALL_SO_NO_EXE:INTERNAL=0
//ADVANCED property for variable: CMAKE_INSTALL_SYSCONFDIR
CMAKE_INSTALL_SYSCONFDIR-ADVANCED:INTERNAL=1
//ADVANCED property for variable: CMAKE_LINKER
CMAKE_LINKER-ADVANCED:INTERNAL=1
//ADVANCED property for variable: CMAKE_MAKE_PROGRAM
CMAKE_MAKE_PROGRAM-ADVANCED:INTERNAL=1
//ADVANCED property for variable: CMAKE_MODULE_LINKER_FLAGS
CMAKE_MODULE_LINKER_FLAGS-ADVANCED:INTERNAL=1
//ADVANCED property for variable: CMAKE_MODULE_LINKER_FLAGS_DEBUG
CMAKE_MODULE_LINKER_FLAGS_DEBUG-ADVANCED:INTERNAL=1
//ADVANCED property for variable: CMAKE_MODULE_LINKER_FLAGS_MINSIZEREL
CMAKE_MODULE_LINKER_FLAGS_MINSIZEREL-ADVANCED:INTERNAL=1
//ADVANCED property for variable: CMAKE_MODULE_LINKER_FLAGS_RELEASE
CMAKE_MODULE_LINKER_FLAGS_RELEASE-ADVANCED:INTERNAL=1
//ADVANCED property for variable: CMAKE_MODULE_LINKER_FLAGS_RELWITHDEBINFO
CMAKE_MODULE_LINKER_FLAGS_RELWITHDEBINFO-ADVANCED:INTERNAL=1
//ADVANCED property for variable: CMAKE_NM
CMAKE_NM-ADVANCED:INTERNAL=1
//number of local generators
CMAKE_NUMBER_OF_MAKEFILES:INTERNAL=124
//ADVANCED property for variable: CMAKE_OBJCOPY
CMAKE_OBJCOPY-ADVANCED:INTERNAL=1
//ADVANCED property for variable: CMAKE_OBJDUMP
CMAKE_OBJDUMP-ADVANCED:INTERNAL=1
//Platform information initialized
CMAKE_PLATFORM_INFO_INITIALIZED:INTERNAL=1
//ADVANCED property for variable: CMAKE_RANLIB
CMAKE_RANLIB-ADVANCED:INTERNAL=1
//ADVANCED property for variable: CMAKE_READELF
CMAKE_READELF-ADVANCED:INTERNAL=1
//Path to CMake installation.
CMAKE_ROOT:INTERNAL=/home/tool/cmake/cmake-3.25.1-linux-x86_64/share/cmake-3.25
//ADVANCED property for variable: CMAKE_SHARED_LINKER_FLAGS
CMAKE_SHARED_LINKER_FLAGS-ADVANCED:INTERNAL=1
//ADVANCED property for variable: CMAKE_SHARED_LINKER_FLAGS_DEBUG
CMAKE_SHARED_LINKER_FLAGS_DEBUG-ADVANCED:INTERNAL=1
//ADVANCED property for variable: CMAKE_SHARED_LINKER_FLAGS_MINSIZEREL
CMAKE_SHARED_LINKER_FLAGS_MINSIZEREL-ADVANCED:INTERNAL=1
//ADVANCED property for variable: CMAKE_SHARED_LINKER_FLAGS_RELEASE
CMAKE_SHARED_LINKER_FLAGS_RELEASE-ADVANCED:INTERNAL=1
//ADVANCED property for variable: CMAKE_SHARED_LINKER_FLAGS_RELWITHDEBINFO
CMAKE_SHARED_LINKER_FLAGS_RELWITHDEBINFO-ADVANCED:INTERNAL=1
//ADVANCED property for variable: CMAKE_SKIP_INSTALL_RPATH
CMAKE_SKIP_INSTALL_RPATH-ADVANCED:INTERNAL=1
//ADVANCED property for variable: CMAKE_SKIP_RPATH
CMAKE_SKIP_RPATH-ADVANCED:INTERNAL=1
//ADVANCED property for variable: CMAKE_STATIC_LINKER_FLAGS
CMAKE_STATIC_LINKER_FLAGS-ADVANCED:INTERNAL=1
//ADVANCED property for variable: CMAKE_STATIC_LINKER_FLAGS_DEBUG
CMAKE_STATIC_LINKER_FLAGS_DEBUG-ADVANCED:INTERNAL=1
//ADVANCED property for variable: CMAKE_STATIC_LINKER_FLAGS_MINSIZEREL
CMAKE_STATIC_LINKER_FLAGS_MINSIZEREL-ADVANCED:INTERNAL=1
//ADVANCED property for variable: CMAKE_STATIC_LINKER_FLAGS_RELEASE
CMAKE_STATIC_LINKER_FLAGS_RELEASE-ADVANCED:INTERNAL=1
//ADVANCED property for variable: CMAKE_STATIC_LINKER_FLAGS_RELWITHDEBINFO
CMAKE_STATIC_LINKER_FLAGS_RELWITHDEBINFO-ADVANCED:INTERNAL=1
//ADVANCED property for variable: CMAKE_STRIP
CMAKE_STRIP-ADVANCED:INTERNAL=1
//uname command
CMAKE_UNAME:INTERNAL=/usr/bin/uname
//ADVANCED property for variable: CMAKE_VERBOSE_MAKEFILE
CMAKE_VERBOSE_MAKEFILE-ADVANCED:INTERNAL=1
//Test CXX_COMPILER_SUPPORTS__-Wall
CXX_COMPILER_SUPPORTS__-Wall:INTERNAL=1
//Test CXX_COMPILER_SUPPORTS__-Wno-array-bounds
CXX_COMPILER_SUPPORTS__-Wno-array-bounds:INTERNAL=1
//Test CXX_COMPILER_SUPPORTS__-Wno-c++11-narrowing
CXX_COMPILER_SUPPORTS__-Wno-c++11-narrowing:INTERNAL=
//Test CXX_COMPILER_SUPPORTS__-Wno-deprecated
CXX_COMPILER_SUPPORTS__-Wno-deprecated:INTERNAL=1
//Test CXX_COMPILER_SUPPORTS__-Wno-format
CXX_COMPILER_SUPPORTS__-Wno-format:INTERNAL=1
//Test CXX_COMPILER_SUPPORTS__-Wno-format-overflow
CXX_COMPILER_SUPPORTS__-Wno-format-overflow:INTERNAL=1
//Test CXX_COMPILER_SUPPORTS__-Wno-maybe-uninitialized
CXX_COMPILER_SUPPORTS__-Wno-maybe-uninitialized:INTERNAL=1
//Test CXX_COMPILER_SUPPORTS__-Wno-nonnull
CXX_COMPILER_SUPPORTS__-Wno-nonnull:INTERNAL=1
//Test CXX_COMPILER_SUPPORTS__-Wno-register
CXX_COMPILER_SUPPORTS__-Wno-register:INTERNAL=1
//Test CXX_COMPILER_SUPPORTS__-Wno-reserved-user-defined-literal
CXX_COMPILER_SUPPORTS__-Wno-reserved-user-defined-literal:INTERNAL=
//Test CXX_COMPILER_SUPPORTS__-Wno-sign-compare
CXX_COMPILER_SUPPORTS__-Wno-sign-compare:INTERNAL=1
//Test CXX_COMPILER_SUPPORTS__-Wno-unused-but-set-variable
CXX_COMPILER_SUPPORTS__-Wno-unused-but-set-variable:INTERNAL=1
//Test CXX_COMPILER_SUPPORTS__-Wno-unused-function
CXX_COMPILER_SUPPORTS__-Wno-unused-function:INTERNAL=1
//Test CXX_COMPILER_SUPPORTS__-Wno-unused-variable
CXX_COMPILER_SUPPORTS__-Wno-unused-variable:INTERNAL=1
//Test CXX_COMPILER_SUPPORTS__-Wno-write-strings
CXX_COMPILER_SUPPORTS__-Wno-write-strings:INTERNAL=1
//Test CXX_COMPILER_SUPPORTS__-fno-exceptions
CXX_COMPILER_SUPPORTS__-fno-exceptions:INTERNAL=1
//Test CXX_COMPILER_SUPPORTS__-fpermissive
CXX_COMPILER_SUPPORTS__-fpermissive:INTERNAL=1
//Test CXX_COMPILER_SUPPORTS__-std=c++17
CXX_COMPILER_SUPPORTS__-std=c++17:INTERNAL=1
//Test CXX_COMPILER_SUPPORTS__-x
CXX_COMPILER_SUPPORTS__-x:INTERNAL=
//Test CXX_COMPILER_SUPPORTS__c++
CXX_COMPILER_SUPPORTS__c++:INTERNAL=
//Test C_COMPILER_SUPPORTS__-Wall
C_COMPILER_SUPPORTS__-Wall:INTERNAL=1
//Test C_COMPILER_SUPPORTS__-Wno-array-bounds
C_COMPILER_SUPPORTS__-Wno-array-bounds:INTERNAL=1
//Test C_COMPILER_SUPPORTS__-Wno-c++11-narrowing
C_COMPILER_SUPPORTS__-Wno-c++11-narrowing:INTERNAL=
//Test C_COMPILER_SUPPORTS__-Wno-deprecated
C_COMPILER_SUPPORTS__-Wno-deprecated:INTERNAL=1
//Test C_COMPILER_SUPPORTS__-Wno-format
C_COMPILER_SUPPORTS__-Wno-format:INTERNAL=1
//Test C_COMPILER_SUPPORTS__-Wno-format-overflow
C_COMPILER_SUPPORTS__-Wno-format-overflow:INTERNAL=1
//Test C_COMPILER_SUPPORTS__-Wno-maybe-uninitialized
C_COMPILER_SUPPORTS__-Wno-maybe-uninitialized:INTERNAL=1
//Test C_COMPILER_SUPPORTS__-Wno-nonnull
C_COMPILER_SUPPORTS__-Wno-nonnull:INTERNAL=1
//Test C_COMPILER_SUPPORTS__-Wno-register
C_COMPILER_SUPPORTS__-Wno-register:INTERNAL=
//Test C_COMPILER_SUPPORTS__-Wno-reserved-user-defined-literal
C_COMPILER_SUPPORTS__-Wno-reserved-user-defined-literal:INTERNAL=
//Test C_COMPILER_SUPPORTS__-Wno-sign-compare
C_COMPILER_SUPPORTS__-Wno-sign-compare:INTERNAL=1
//Test C_COMPILER_SUPPORTS__-Wno-unused-but-set-variable
C_COMPILER_SUPPORTS__-Wno-unused-but-set-variable:INTERNAL=1
//Test C_COMPILER_SUPPORTS__-Wno-unused-function
C_COMPILER_SUPPORTS__-Wno-unused-function:INTERNAL=1
//Test C_COMPILER_SUPPORTS__-Wno-unused-variable
C_COMPILER_SUPPORTS__-Wno-unused-variable:INTERNAL=1
//Test C_COMPILER_SUPPORTS__-Wno-write-strings
C_COMPILER_SUPPORTS__-Wno-write-strings:INTERNAL=1
//Test C_COMPILER_SUPPORTS__-fno-exceptions
C_COMPILER_SUPPORTS__-fno-exceptions:INTERNAL=1
//Test C_COMPILER_SUPPORTS__-fpermissive
C_COMPILER_SUPPORTS__-fpermissive:INTERNAL=
//Test C_COMPILER_SUPPORTS__-std=c++17
C_COMPILER_SUPPORTS__-std=c++17:INTERNAL=
//Test C_COMPILER_SUPPORTS__-x
C_COMPILER_SUPPORTS__-x:INTERNAL=
//Test C_COMPILER_SUPPORTS__c++
C_COMPILER_SUPPORTS__c++:INTERNAL=
//ADVANCED property for variable: DOXYGEN_DOT_EXECUTABLE
DOXYGEN_DOT_EXECUTABLE-ADVANCED:INTERNAL=1
//ADVANCED property for variable: DOXYGEN_EXECUTABLE
DOXYGEN_EXECUTABLE-ADVANCED:INTERNAL=1
//Details about finding BISON
FIND_PACKAGE_MESSAGE_DETAILS_BISON:INTERNAL=[/home/tool/bison/install/3.8.2/bin/bison][v3.8.2()]
//Details about finding Cbc
FIND_PACKAGE_MESSAGE_DETAILS_Cbc:INTERNAL=[/home/tool/ortools/install/or-tools_cpp_CentOSStream-8-64bit_v9.4.1874/lib64/cmake/Cbc/CbcConfig.cmake][v2.10.7()]
//Details about finding Clp
FIND_PACKAGE_MESSAGE_DETAILS_Clp:INTERNAL=[/home/tool/ortools/install/or-tools_cpp_CentOSStream-8-64bit_v9.4.1874/lib64/cmake/Clp/ClpConfig.cmake][v1.17.7()]
//Details about finding Doxygen
FIND_PACKAGE_MESSAGE_DETAILS_Doxygen:INTERNAL=[/home/tool/doxygen/install/1.8.15/bin/doxygen][cfound components: doxygen dot ][v1.8.15()]
//Details about finding Eigen3
FIND_PACKAGE_MESSAGE_DETAILS_Eigen3:INTERNAL=[/home/tool/ortools/install/or-tools_cpp_CentOSStream-8-64bit_v9.4.1874/share/eigen3/cmake/Eigen3Config.cmake][v3.4.0()]
//Details about finding FLEX
FIND_PACKAGE_MESSAGE_DETAILS_FLEX:INTERNAL=[/home/tool/flex/2.6.4/bin/flex][v2.6.4()]
//Details about finding GTest
FIND_PACKAGE_MESSAGE_DETAILS_GTest:INTERNAL=[/home/c3shah/.local/lib64/cmake/GTest/GTestConfig.cmake][c ][v1.14.0()]
//Details about finding OpenMP
FIND_PACKAGE_MESSAGE_DETAILS_OpenMP:INTERNAL=[TRUE][c ][v4.5()]
//Details about finding OpenMP_C
FIND_PACKAGE_MESSAGE_DETAILS_OpenMP_C:INTERNAL=[-fopenmp][/home/tool/gcc/gcc-9.3.0/lib64/libgomp.so][/lib64/libpthread.so][v4.5()]
//Details about finding OpenMP_CXX
FIND_PACKAGE_MESSAGE_DETAILS_OpenMP_CXX:INTERNAL=[-fopenmp][/home/tool/gcc/gcc-9.3.0/lib64/libgomp.so][/lib64/libpthread.so][v4.5()]
//Details about finding Python3
FIND_PACKAGE_MESSAGE_DETAILS_Python3:INTERNAL=[/usr/include/python3.9][/usr/lib64/libpython3.9.so][cfound components: Development Development.Module Development.Embed ][v3.9.20()]
//Details about finding SCIP
FIND_PACKAGE_MESSAGE_DETAILS_SCIP:INTERNAL=[/home/tool/ortools/install/or-tools_cpp_CentOSStream-8-64bit_v9.4.1874/lib/cmake/scip/scip-config.cmake][v8.0.0()]
//Details about finding SWIG
FIND_PACKAGE_MESSAGE_DETAILS_SWIG:INTERNAL=[/home/tool/swig/install/4.0.0/bin/swig][/home/tool/swig/install/4.0.0/share/swig/4.0.0][c ][v4.0.0(3.0)]
//Details about finding Threads
FIND_PACKAGE_MESSAGE_DETAILS_Threads:INTERNAL=[TRUE][v()]
//Details about finding VTune
FIND_PACKAGE_MESSAGE_DETAILS_VTune:INTERNAL=[/home/tool/intel/vtune_amplifier/lib64/libittnotify.a][/home/tool/intel/vtune_amplifier/include][v()]
//Details about finding ZLIB
FIND_PACKAGE_MESSAGE_DETAILS_ZLIB:INTERNAL=[/usr/lib64/libz.so][/home/tool/ortools/install/or-tools_cpp_CentOSStream-8-64bit_v9.4.1874/include][v1.2.11()]
//Details about finding re2
FIND_PACKAGE_MESSAGE_DETAILS_re2:INTERNAL=[/home/tool/ortools/install/or-tools_cpp_CentOSStream-8-64bit_v9.4.1874/lib64/cmake/re2/re2Config.cmake][v9.0.0()]
//ADVANCED property for variable: FLEX_EXECUTABLE
FLEX_EXECUTABLE-ADVANCED:INTERNAL=1
//ADVANCED property for variable: FLEX_INCLUDE_DIR
FLEX_INCLUDE_DIR-ADVANCED:INTERNAL=1
//ADVANCED property for variable: FL_LIBRARY
FL_LIBRARY-ADVANCED:INTERNAL=1
//ADVANCED property for variable: GIT_EXECUTABLE
GIT_EXECUTABLE-ADVANCED:INTERNAL=1
//ADVANCED property for variable: LEMON_INCLUDE_DIR
LEMON_INCLUDE_DIR-ADVANCED:INTERNAL=1
//ADVANCED property for variable: LEMON_LIBRARY
LEMON_LIBRARY-ADVANCED:INTERNAL=1
//Result of TRY_COMPILE
OpenMP_COMPILE_RESULT_CXX_fopenmp:INTERNAL=TRUE
//Result of TRY_COMPILE
OpenMP_COMPILE_RESULT_C_fopenmp:INTERNAL=TRUE
//ADVANCED property for variable: OpenMP_CXX_FLAGS
OpenMP_CXX_FLAGS-ADVANCED:INTERNAL=1
//ADVANCED property for variable: OpenMP_CXX_LIB_NAMES
OpenMP_CXX_LIB_NAMES-ADVANCED:INTERNAL=1
//CXX compiler's OpenMP specification date
OpenMP_CXX_SPEC_DATE:INTERNAL=201511
//ADVANCED property for variable: OpenMP_C_FLAGS
OpenMP_C_FLAGS-ADVANCED:INTERNAL=1
//ADVANCED property for variable: OpenMP_C_LIB_NAMES
OpenMP_C_LIB_NAMES-ADVANCED:INTERNAL=1
//C compiler's OpenMP specification date
OpenMP_C_SPEC_DATE:INTERNAL=201511
//Result of TRY_COMPILE
OpenMP_SPECTEST_CXX_:INTERNAL=TRUE
//Result of TRY_COMPILE
OpenMP_SPECTEST_C_:INTERNAL=TRUE
//ADVANCED property for variable: OpenMP_gomp_LIBRARY
OpenMP_gomp_LIBRARY-ADVANCED:INTERNAL=1
//ADVANCED property for variable: OpenMP_pthread_LIBRARY
OpenMP_pthread_LIBRARY-ADVANCED:INTERNAL=1
//ADVANCED property for variable: SWIG_DIR
SWIG_DIR-ADVANCED:INTERNAL=1
//ADVANCED property for variable: SWIG_EXECUTABLE
SWIG_EXECUTABLE-ADVANCED:INTERNAL=1
//ADVANCED property for variable: SWIG_VERSION
SWIG_VERSION-ADVANCED:INTERNAL=1
//Result of TRY_COMPILE
THREADS_HAVE_PTHREAD_ARG:INTERNAL=TRUE
//ADVANCED property for variable: VTune_LIBRARIES
VTune_LIBRARIES-ADVANCED:INTERNAL=1
//ADVANCED property for variable: ZLIB_INCLUDE_DIR
ZLIB_INCLUDE_DIR-ADVANCED:INTERNAL=1
//ADVANCED property for variable: ZLIB_LIBRARY_DEBUG
ZLIB_LIBRARY_DEBUG-ADVANCED:INTERNAL=1
//ADVANCED property for variable: ZLIB_LIBRARY_RELEASE
ZLIB_LIBRARY_RELEASE-ADVANCED:INTERNAL=1
//linker supports push/pop state
_CMAKE_LINKER_PUSHPOP_STATE_SUPPORTED:INTERNAL=TRUE
//CMAKE_INSTALL_PREFIX during last run
_GNUInstallDirs_LAST_CMAKE_INSTALL_PREFIX:INTERNAL=/usr/local
//Path to a program.
_Python3_CONFIG:INTERNAL=/usr/bin/python3.9-config
//Compiler reason failure
_Python3_Compiler_REASON_FAILURE:INTERNAL=
_Python3_DEVELOPMENT_EMBED_SIGNATURE:INTERNAL=07be61ecf3a078ea7afb1ec1e439b371
_Python3_DEVELOPMENT_MODULE_SIGNATURE:INTERNAL=d0ef6773efbb371329d279402e834771
//Path to a program.
_Python3_EXECUTABLE:INTERNAL=/usr/bin/python3.9
//Path to a file.
_Python3_INCLUDE_DIR:INTERNAL=/usr/include/python3.9
//Python3 Properties
_Python3_INTERPRETER_PROPERTIES:INTERNAL=Python;3;9;20;64;;cpython-39-x86_64-linux-gnu;/usr/lib64/python3.9;/usr/lib64/python3.9;/usr/lib/python3.9/site-packages;/usr/lib64/python3.9/site-packages
_Python3_INTERPRETER_SIGNATURE:INTERNAL=0820be857fee647b3d54576d0160a80e
//Interpreter reason failure
_Python3_Interpreter_REASON_FAILURE:INTERNAL=
//Path to a library.
_Python3_LIBRARY_RELEASE:INTERNAL=/usr/lib64/libpython3.9.so
//NumPy reason failure
_Python3_NumPy_REASON_FAILURE:INTERNAL=
//ADVANCED property for variable: boost_headers_DIR
boost_headers_DIR-ADVANCED:INTERNAL=1
//ADVANCED property for variable: boost_iostreams_DIR
boost_iostreams_DIR-ADVANCED:INTERNAL=1
//ADVANCED property for variable: boost_serialization_DIR
boost_serialization_DIR-ADVANCED:INTERNAL=1
//ADVANCED property for variable: boost_system_DIR
boost_system_DIR-ADVANCED:INTERNAL=1
//ADVANCED property for variable: boost_thread_DIR
boost_thread_DIR-ADVANCED:INTERNAL=1
cmake_package_name:INTERNAL=GTest
generated_dir:INTERNAL=/home/memzfs_projects/MLBuf_extension/OR_latest/build/_deps/googletest-build/googletest/generated
//ADVANCED property for variable: gmock_build_tests
gmock_build_tests-ADVANCED:INTERNAL=1
//ADVANCED property for variable: gtest_build_samples
gtest_build_samples-ADVANCED:INTERNAL=1
//ADVANCED property for variable: gtest_build_tests
gtest_build_tests-ADVANCED:INTERNAL=1
//ADVANCED property for variable: gtest_disable_pthreads
gtest_disable_pthreads-ADVANCED:INTERNAL=1
//ADVANCED property for variable: gtest_force_shared_crt
gtest_force_shared_crt-ADVANCED:INTERNAL=1
//ADVANCED property for variable: gtest_hide_internal_symbols
gtest_hide_internal_symbols-ADVANCED:INTERNAL=1
//ADVANCED property for variable: protobuf_MODULE_COMPATIBLE
protobuf_MODULE_COMPATIBLE-ADVANCED:INTERNAL=1
//ADVANCED property for variable: protobuf_VERBOSE
protobuf_VERBOSE-ADVANCED:INTERNAL=1
targets_export_name:INTERNAL=GTestTargets

