Performing C SOURCE FILE Test C_COMPILER_SUPPORTS__-Wno-c++11-narrowing failed with the following output:
Change Dir: /home/memzfs_projects/MLBuf_extension/OR_latest/build/CMakeFiles/CMakeScratch/TryCompile-2Bx9Vd

Run Build Command(s):/usr/bin/gmake -f Makefile cmTC_36ec7/fast && /usr/bin/gmake  -f CMakeFiles/cmTC_36ec7.dir/build.make CMakeFiles/cmTC_36ec7.dir/build
gmake[1]: Entering directory '/home/memzfs_projects/MLBuf_extension/OR_latest/build/CMakeFiles/CMakeScratch/TryCompile-2Bx9Vd'
Building C object CMakeFiles/cmTC_36ec7.dir/src.c.o
/home/tool/gcc/gcc-9.3.0/bin/x86_64-pc-linux-gnu-gcc   -DC_COMPILER_SUPPORTS__-Wno-c++11-narrowing -Wno-c++11-narrowing -o CMakeFiles/cmTC_36ec7.dir/src.c.o -c /home/memzfs_projects/MLBuf_extension/OR_latest/build/CMakeFiles/CMakeScratch/TryCompile-2Bx9Vd/src.c
<command-line>: warning: ISO C99 requires whitespace after the macro name
cc1: warning: unrecognized command line option '-Wno-c++11-narrowing'
Linking C executable cmTC_36ec7
/home/tool/cmake/cmake-3.25.1-linux-x86_64/bin/cmake -E cmake_link_script CMakeFiles/cmTC_36ec7.dir/link.txt --verbose=1
/home/tool/gcc/gcc-9.3.0/bin/x86_64-pc-linux-gnu-gcc CMakeFiles/cmTC_36ec7.dir/src.c.o -o cmTC_36ec7 
gmake[1]: Leaving directory '/home/memzfs_projects/MLBuf_extension/OR_latest/build/CMakeFiles/CMakeScratch/TryCompile-2Bx9Vd'


Source file was:
int main(void) { return 0; }

Performing C++ SOURCE FILE Test CXX_COMPILER_SUPPORTS__-Wno-c++11-narrowing failed with the following output:
Change Dir: /home/memzfs_projects/MLBuf_extension/OR_latest/build/CMakeFiles/CMakeScratch/TryCompile-03B42Q

Run Build Command(s):/usr/bin/gmake -f Makefile cmTC_82b0d/fast && /usr/bin/gmake  -f CMakeFiles/cmTC_82b0d.dir/build.make CMakeFiles/cmTC_82b0d.dir/build
gmake[1]: Entering directory '/home/memzfs_projects/MLBuf_extension/OR_latest/build/CMakeFiles/CMakeScratch/TryCompile-03B42Q'
Building CXX object CMakeFiles/cmTC_82b0d.dir/src.cxx.o
/home/tool/gcc/gcc-9.3.0/bin/x86_64-pc-linux-gnu-g++   -DCXX_COMPILER_SUPPORTS__-Wno-c++11-narrowing -Wno-c++11-narrowing -std=c++17 -o CMakeFiles/cmTC_82b0d.dir/src.cxx.o -c /home/memzfs_projects/MLBuf_extension/OR_latest/build/CMakeFiles/CMakeScratch/TryCompile-03B42Q/src.cxx
<command-line>: warning: ISO C++11 requires whitespace after the macro name
cc1plus: warning: unrecognized command line option '-Wno-c++11-narrowing'
Linking CXX executable cmTC_82b0d
/home/tool/cmake/cmake-3.25.1-linux-x86_64/bin/cmake -E cmake_link_script CMakeFiles/cmTC_82b0d.dir/link.txt --verbose=1
/home/tool/gcc/gcc-9.3.0/bin/x86_64-pc-linux-gnu-g++ CMakeFiles/cmTC_82b0d.dir/src.cxx.o -o cmTC_82b0d 
gmake[1]: Leaving directory '/home/memzfs_projects/MLBuf_extension/OR_latest/build/CMakeFiles/CMakeScratch/TryCompile-03B42Q'


Source file was:
int main() { return 0; }

Performing C SOURCE FILE Test C_COMPILER_SUPPORTS__-Wno-register failed with the following output:
Change Dir: /home/memzfs_projects/MLBuf_extension/OR_latest/build/CMakeFiles/CMakeScratch/TryCompile-LfZXHi

Run Build Command(s):/usr/bin/gmake -f Makefile cmTC_cc993/fast && /usr/bin/gmake  -f CMakeFiles/cmTC_cc993.dir/build.make CMakeFiles/cmTC_cc993.dir/build
gmake[1]: Entering directory '/home/memzfs_projects/MLBuf_extension/OR_latest/build/CMakeFiles/CMakeScratch/TryCompile-LfZXHi'
Building C object CMakeFiles/cmTC_cc993.dir/src.c.o
/home/tool/gcc/gcc-9.3.0/bin/x86_64-pc-linux-gnu-gcc   -DC_COMPILER_SUPPORTS__-Wno-register -Wno-register -o CMakeFiles/cmTC_cc993.dir/src.c.o -c /home/memzfs_projects/MLBuf_extension/OR_latest/build/CMakeFiles/CMakeScratch/TryCompile-LfZXHi/src.c
cc1: warning: command line option '-Wno-register' is valid for C++/ObjC++ but not for C
<command-line>: warning: ISO C99 requires whitespace after the macro name
Linking C executable cmTC_cc993
/home/tool/cmake/cmake-3.25.1-linux-x86_64/bin/cmake -E cmake_link_script CMakeFiles/cmTC_cc993.dir/link.txt --verbose=1
/home/tool/gcc/gcc-9.3.0/bin/x86_64-pc-linux-gnu-gcc CMakeFiles/cmTC_cc993.dir/src.c.o -o cmTC_cc993 
gmake[1]: Leaving directory '/home/memzfs_projects/MLBuf_extension/OR_latest/build/CMakeFiles/CMakeScratch/TryCompile-LfZXHi'


Source file was:
int main(void) { return 0; }

Performing C SOURCE FILE Test C_COMPILER_SUPPORTS__-Wno-reserved-user-defined-literal failed with the following output:
Change Dir: /home/memzfs_projects/MLBuf_extension/OR_latest/build/CMakeFiles/CMakeScratch/TryCompile-oGIVlW

Run Build Command(s):/usr/bin/gmake -f Makefile cmTC_1dcb8/fast && /usr/bin/gmake  -f CMakeFiles/cmTC_1dcb8.dir/build.make CMakeFiles/cmTC_1dcb8.dir/build
gmake[1]: Entering directory '/home/memzfs_projects/MLBuf_extension/OR_latest/build/CMakeFiles/CMakeScratch/TryCompile-oGIVlW'
Building C object CMakeFiles/cmTC_1dcb8.dir/src.c.o
/home/tool/gcc/gcc-9.3.0/bin/x86_64-pc-linux-gnu-gcc   -DC_COMPILER_SUPPORTS__-Wno-reserved-user-defined-literal -Wno-reserved-user-defined-literal -o CMakeFiles/cmTC_1dcb8.dir/src.c.o -c /home/memzfs_projects/MLBuf_extension/OR_latest/build/CMakeFiles/CMakeScratch/TryCompile-oGIVlW/src.c
<command-line>: warning: ISO C99 requires whitespace after the macro name
cc1: warning: unrecognized command line option '-Wno-reserved-user-defined-literal'
Linking C executable cmTC_1dcb8
/home/tool/cmake/cmake-3.25.1-linux-x86_64/bin/cmake -E cmake_link_script CMakeFiles/cmTC_1dcb8.dir/link.txt --verbose=1
/home/tool/gcc/gcc-9.3.0/bin/x86_64-pc-linux-gnu-gcc CMakeFiles/cmTC_1dcb8.dir/src.c.o -o cmTC_1dcb8 
gmake[1]: Leaving directory '/home/memzfs_projects/MLBuf_extension/OR_latest/build/CMakeFiles/CMakeScratch/TryCompile-oGIVlW'


Source file was:
int main(void) { return 0; }

Performing C++ SOURCE FILE Test CXX_COMPILER_SUPPORTS__-Wno-reserved-user-defined-literal failed with the following output:
Change Dir: /home/memzfs_projects/MLBuf_extension/OR_latest/build/CMakeFiles/CMakeScratch/TryCompile-IcTM59

Run Build Command(s):/usr/bin/gmake -f Makefile cmTC_9c3eb/fast && /usr/bin/gmake  -f CMakeFiles/cmTC_9c3eb.dir/build.make CMakeFiles/cmTC_9c3eb.dir/build
gmake[1]: Entering directory '/home/memzfs_projects/MLBuf_extension/OR_latest/build/CMakeFiles/CMakeScratch/TryCompile-IcTM59'
Building CXX object CMakeFiles/cmTC_9c3eb.dir/src.cxx.o
/home/tool/gcc/gcc-9.3.0/bin/x86_64-pc-linux-gnu-g++   -DCXX_COMPILER_SUPPORTS__-Wno-reserved-user-defined-literal -Wno-reserved-user-defined-literal -std=c++17 -o CMakeFiles/cmTC_9c3eb.dir/src.cxx.o -c /home/memzfs_projects/MLBuf_extension/OR_latest/build/CMakeFiles/CMakeScratch/TryCompile-IcTM59/src.cxx
<command-line>: warning: ISO C++11 requires whitespace after the macro name
cc1plus: warning: unrecognized command line option '-Wno-reserved-user-defined-literal'
Linking CXX executable cmTC_9c3eb
/home/tool/cmake/cmake-3.25.1-linux-x86_64/bin/cmake -E cmake_link_script CMakeFiles/cmTC_9c3eb.dir/link.txt --verbose=1
/home/tool/gcc/gcc-9.3.0/bin/x86_64-pc-linux-gnu-g++ CMakeFiles/cmTC_9c3eb.dir/src.cxx.o -o cmTC_9c3eb 
gmake[1]: Leaving directory '/home/memzfs_projects/MLBuf_extension/OR_latest/build/CMakeFiles/CMakeScratch/TryCompile-IcTM59'


Source file was:
int main() { return 0; }

Performing C SOURCE FILE Test C_COMPILER_SUPPORTS__-fpermissive failed with the following output:
Change Dir: /home/memzfs_projects/MLBuf_extension/OR_latest/build/CMakeFiles/CMakeScratch/TryCompile-6bsMLY

Run Build Command(s):/usr/bin/gmake -f Makefile cmTC_2ac70/fast && /usr/bin/gmake  -f CMakeFiles/cmTC_2ac70.dir/build.make CMakeFiles/cmTC_2ac70.dir/build
gmake[1]: Entering directory '/home/memzfs_projects/MLBuf_extension/OR_latest/build/CMakeFiles/CMakeScratch/TryCompile-6bsMLY'
Building C object CMakeFiles/cmTC_2ac70.dir/src.c.o
/home/tool/gcc/gcc-9.3.0/bin/x86_64-pc-linux-gnu-gcc   -DC_COMPILER_SUPPORTS__-fpermissive -fpermissive -o CMakeFiles/cmTC_2ac70.dir/src.c.o -c /home/memzfs_projects/MLBuf_extension/OR_latest/build/CMakeFiles/CMakeScratch/TryCompile-6bsMLY/src.c
cc1: warning: command line option '-fpermissive' is valid for C++/ObjC++ but not for C
<command-line>: warning: ISO C99 requires whitespace after the macro name
Linking C executable cmTC_2ac70
/home/tool/cmake/cmake-3.25.1-linux-x86_64/bin/cmake -E cmake_link_script CMakeFiles/cmTC_2ac70.dir/link.txt --verbose=1
/home/tool/gcc/gcc-9.3.0/bin/x86_64-pc-linux-gnu-gcc CMakeFiles/cmTC_2ac70.dir/src.c.o -o cmTC_2ac70 
gmake[1]: Leaving directory '/home/memzfs_projects/MLBuf_extension/OR_latest/build/CMakeFiles/CMakeScratch/TryCompile-6bsMLY'


Source file was:
int main(void) { return 0; }

Performing C SOURCE FILE Test C_COMPILER_SUPPORTS__-x failed with the following output:
Change Dir: /home/memzfs_projects/MLBuf_extension/OR_latest/build/CMakeFiles/CMakeScratch/TryCompile-G9yRTm

Run Build Command(s):/usr/bin/gmake -f Makefile cmTC_78823/fast && /usr/bin/gmake  -f CMakeFiles/cmTC_78823.dir/build.make CMakeFiles/cmTC_78823.dir/build
gmake[1]: Entering directory '/home/memzfs_projects/MLBuf_extension/OR_latest/build/CMakeFiles/CMakeScratch/TryCompile-G9yRTm'
Building C object CMakeFiles/cmTC_78823.dir/src.c.o
/home/tool/gcc/gcc-9.3.0/bin/x86_64-pc-linux-gnu-gcc   -DC_COMPILER_SUPPORTS__-x -x -o CMakeFiles/cmTC_78823.dir/src.c.o -c /home/memzfs_projects/MLBuf_extension/OR_latest/build/CMakeFiles/CMakeScratch/TryCompile-G9yRTm/src.c
x86_64-pc-linux-gnu-gcc: error: CMakeFiles/cmTC_78823.dir/src.c.o: No such file or directory
gmake[1]: *** [CMakeFiles/cmTC_78823.dir/build.make:78: CMakeFiles/cmTC_78823.dir/src.c.o] Error 1
gmake[1]: Leaving directory '/home/memzfs_projects/MLBuf_extension/OR_latest/build/CMakeFiles/CMakeScratch/TryCompile-G9yRTm'
gmake: *** [Makefile:127: cmTC_78823/fast] Error 2


Source file was:
int main(void) { return 0; }

Performing C++ SOURCE FILE Test CXX_COMPILER_SUPPORTS__-x failed with the following output:
Change Dir: /home/memzfs_projects/MLBuf_extension/OR_latest/build/CMakeFiles/CMakeScratch/TryCompile-ge9reM

Run Build Command(s):/usr/bin/gmake -f Makefile cmTC_f0808/fast && /usr/bin/gmake  -f CMakeFiles/cmTC_f0808.dir/build.make CMakeFiles/cmTC_f0808.dir/build
gmake[1]: Entering directory '/home/memzfs_projects/MLBuf_extension/OR_latest/build/CMakeFiles/CMakeScratch/TryCompile-ge9reM'
Building CXX object CMakeFiles/cmTC_f0808.dir/src.cxx.o
/home/tool/gcc/gcc-9.3.0/bin/x86_64-pc-linux-gnu-g++   -DCXX_COMPILER_SUPPORTS__-x -x -std=c++17 -o CMakeFiles/cmTC_f0808.dir/src.cxx.o -c /home/memzfs_projects/MLBuf_extension/OR_latest/build/CMakeFiles/CMakeScratch/TryCompile-ge9reM/src.cxx
x86_64-pc-linux-gnu-g++: error: language -std=c++17 not recognized
x86_64-pc-linux-gnu-g++: error: language -std=c++17 not recognized
gmake[1]: *** [CMakeFiles/cmTC_f0808.dir/build.make:78: CMakeFiles/cmTC_f0808.dir/src.cxx.o] Error 1
gmake[1]: Leaving directory '/home/memzfs_projects/MLBuf_extension/OR_latest/build/CMakeFiles/CMakeScratch/TryCompile-ge9reM'
gmake: *** [Makefile:127: cmTC_f0808/fast] Error 2


Source file was:
int main() { return 0; }

Performing C SOURCE FILE Test C_COMPILER_SUPPORTS__c++ failed with the following output:
Change Dir: /home/memzfs_projects/MLBuf_extension/OR_latest/build/CMakeFiles/CMakeScratch/TryCompile-CW0l6T

Run Build Command(s):/usr/bin/gmake -f Makefile cmTC_42c26/fast && /usr/bin/gmake  -f CMakeFiles/cmTC_42c26.dir/build.make CMakeFiles/cmTC_42c26.dir/build
gmake[1]: Entering directory '/home/memzfs_projects/MLBuf_extension/OR_latest/build/CMakeFiles/CMakeScratch/TryCompile-CW0l6T'
Building C object CMakeFiles/cmTC_42c26.dir/src.c.o
/home/tool/gcc/gcc-9.3.0/bin/x86_64-pc-linux-gnu-gcc   -DC_COMPILER_SUPPORTS__c++ c++ -o CMakeFiles/cmTC_42c26.dir/src.c.o -c /home/memzfs_projects/MLBuf_extension/OR_latest/build/CMakeFiles/CMakeScratch/TryCompile-CW0l6T/src.c
x86_64-pc-linux-gnu-gcc: error: c++: No such file or directory
gmake[1]: *** [CMakeFiles/cmTC_42c26.dir/build.make:78: CMakeFiles/cmTC_42c26.dir/src.c.o] Error 1
gmake[1]: Leaving directory '/home/memzfs_projects/MLBuf_extension/OR_latest/build/CMakeFiles/CMakeScratch/TryCompile-CW0l6T'
gmake: *** [Makefile:127: cmTC_42c26/fast] Error 2


Source file was:
int main(void) { return 0; }

Performing C++ SOURCE FILE Test CXX_COMPILER_SUPPORTS__c++ failed with the following output:
Change Dir: /home/memzfs_projects/MLBuf_extension/OR_latest/build/CMakeFiles/CMakeScratch/TryCompile-N1ig4f

Run Build Command(s):/usr/bin/gmake -f Makefile cmTC_0047c/fast && /usr/bin/gmake  -f CMakeFiles/cmTC_0047c.dir/build.make CMakeFiles/cmTC_0047c.dir/build
gmake[1]: Entering directory '/home/memzfs_projects/MLBuf_extension/OR_latest/build/CMakeFiles/CMakeScratch/TryCompile-N1ig4f'
Building CXX object CMakeFiles/cmTC_0047c.dir/src.cxx.o
/home/tool/gcc/gcc-9.3.0/bin/x86_64-pc-linux-gnu-g++   -DCXX_COMPILER_SUPPORTS__c++ c++ -std=c++17 -o CMakeFiles/cmTC_0047c.dir/src.cxx.o -c /home/memzfs_projects/MLBuf_extension/OR_latest/build/CMakeFiles/CMakeScratch/TryCompile-N1ig4f/src.cxx
x86_64-pc-linux-gnu-g++: error: c++: No such file or directory
gmake[1]: *** [CMakeFiles/cmTC_0047c.dir/build.make:78: CMakeFiles/cmTC_0047c.dir/src.cxx.o] Error 1
gmake[1]: Leaving directory '/home/memzfs_projects/MLBuf_extension/OR_latest/build/CMakeFiles/CMakeScratch/TryCompile-N1ig4f'
gmake: *** [Makefile:127: cmTC_0047c/fast] Error 2


Source file was:
int main() { return 0; }

Performing C SOURCE FILE Test C_COMPILER_SUPPORTS__-std=c++17 failed with the following output:
Change Dir: /home/memzfs_projects/MLBuf_extension/OR_latest/build/CMakeFiles/CMakeScratch/TryCompile-n7uGoY

Run Build Command(s):/usr/bin/gmake -f Makefile cmTC_5adfb/fast && /usr/bin/gmake  -f CMakeFiles/cmTC_5adfb.dir/build.make CMakeFiles/cmTC_5adfb.dir/build
gmake[1]: Entering directory '/home/memzfs_projects/MLBuf_extension/OR_latest/build/CMakeFiles/CMakeScratch/TryCompile-n7uGoY'
Building C object CMakeFiles/cmTC_5adfb.dir/src.c.o
/home/tool/gcc/gcc-9.3.0/bin/x86_64-pc-linux-gnu-gcc   -DC_COMPILER_SUPPORTS__-std=c++17 -std=c++17 -o CMakeFiles/cmTC_5adfb.dir/src.c.o -c /home/memzfs_projects/MLBuf_extension/OR_latest/build/CMakeFiles/CMakeScratch/TryCompile-n7uGoY/src.c
cc1: warning: command line option '-std=c++17' is valid for C++/ObjC++ but not for C
<command-line>: warning: ISO C99 requires whitespace after the macro name
Linking C executable cmTC_5adfb
/home/tool/cmake/cmake-3.25.1-linux-x86_64/bin/cmake -E cmake_link_script CMakeFiles/cmTC_5adfb.dir/link.txt --verbose=1
/home/tool/gcc/gcc-9.3.0/bin/x86_64-pc-linux-gnu-gcc CMakeFiles/cmTC_5adfb.dir/src.c.o -o cmTC_5adfb 
gmake[1]: Leaving directory '/home/memzfs_projects/MLBuf_extension/OR_latest/build/CMakeFiles/CMakeScratch/TryCompile-n7uGoY'


Source file was:
int main(void) { return 0; }

Performing C SOURCE FILE Test CMAKE_HAVE_LIBC_PTHREAD failed with the following output:
Change Dir: /home/memzfs_projects/MLBuf_extension/OR_latest/build/CMakeFiles/CMakeScratch/TryCompile-99UvmJ

Run Build Command(s):/usr/bin/gmake -f Makefile cmTC_0b0e0/fast && /usr/bin/gmake  -f CMakeFiles/cmTC_0b0e0.dir/build.make CMakeFiles/cmTC_0b0e0.dir/build
gmake[1]: Entering directory '/home/memzfs_projects/MLBuf_extension/OR_latest/build/CMakeFiles/CMakeScratch/TryCompile-99UvmJ'
Building C object CMakeFiles/cmTC_0b0e0.dir/src.c.o
/home/tool/gcc/gcc-9.3.0/bin/x86_64-pc-linux-gnu-gcc -DCMAKE_HAVE_LIBC_PTHREAD   -o CMakeFiles/cmTC_0b0e0.dir/src.c.o -c /home/memzfs_projects/MLBuf_extension/OR_latest/build/CMakeFiles/CMakeScratch/TryCompile-99UvmJ/src.c
Linking C executable cmTC_0b0e0
/home/tool/cmake/cmake-3.25.1-linux-x86_64/bin/cmake -E cmake_link_script CMakeFiles/cmTC_0b0e0.dir/link.txt --verbose=1
/home/tool/gcc/gcc-9.3.0/bin/x86_64-pc-linux-gnu-gcc CMakeFiles/cmTC_0b0e0.dir/src.c.o -o cmTC_0b0e0 
CMakeFiles/cmTC_0b0e0.dir/src.c.o: In function `main':
src.c:(.text+0x2d): undefined reference to `pthread_create'
src.c:(.text+0x39): undefined reference to `pthread_detach'
src.c:(.text+0x45): undefined reference to `pthread_cancel'
src.c:(.text+0x56): undefined reference to `pthread_join'
collect2: error: ld returned 1 exit status
gmake[1]: *** [CMakeFiles/cmTC_0b0e0.dir/build.make:99: cmTC_0b0e0] Error 1
gmake[1]: Leaving directory '/home/memzfs_projects/MLBuf_extension/OR_latest/build/CMakeFiles/CMakeScratch/TryCompile-99UvmJ'
gmake: *** [Makefile:127: cmTC_0b0e0/fast] Error 2


Source file was:
#include <pthread.h>

static void* test_func(void* data)
{
  return data;
}

int main(void)
{
  pthread_t thread;
  pthread_create(&thread, NULL, test_func, NULL);
  pthread_detach(thread);
  pthread_cancel(thread);
  pthread_join(thread, NULL);
  pthread_atfork(NULL, NULL, NULL);
  pthread_exit(NULL);

  return 0;
}


Determining if the function pthread_create exists in the pthreads failed with the following output:
Change Dir: /home/memzfs_projects/MLBuf_extension/OR_latest/build/CMakeFiles/CMakeScratch/TryCompile-m2oVVS

Run Build Command(s):/usr/bin/gmake -f Makefile cmTC_bd829/fast && /usr/bin/gmake  -f CMakeFiles/cmTC_bd829.dir/build.make CMakeFiles/cmTC_bd829.dir/build
gmake[1]: Entering directory '/home/memzfs_projects/MLBuf_extension/OR_latest/build/CMakeFiles/CMakeScratch/TryCompile-m2oVVS'
Building C object CMakeFiles/cmTC_bd829.dir/CheckFunctionExists.c.o
/home/tool/gcc/gcc-9.3.0/bin/x86_64-pc-linux-gnu-gcc   -DCHECK_FUNCTION_EXISTS=pthread_create -o CMakeFiles/cmTC_bd829.dir/CheckFunctionExists.c.o -c /home/memzfs_projects/MLBuf_extension/OR_latest/build/CMakeFiles/CMakeScratch/TryCompile-m2oVVS/CheckFunctionExists.c
Linking C executable cmTC_bd829
/home/tool/cmake/cmake-3.25.1-linux-x86_64/bin/cmake -E cmake_link_script CMakeFiles/cmTC_bd829.dir/link.txt --verbose=1
/home/tool/gcc/gcc-9.3.0/bin/x86_64-pc-linux-gnu-gcc  -DCHECK_FUNCTION_EXISTS=pthread_create CMakeFiles/cmTC_bd829.dir/CheckFunctionExists.c.o -o cmTC_bd829  -lpthreads 
/home/tool/binutils/binutils-2.27/bin/ld: cannot find -lpthreads
collect2: error: ld returned 1 exit status
gmake[1]: *** [CMakeFiles/cmTC_bd829.dir/build.make:99: cmTC_bd829] Error 1
gmake[1]: Leaving directory '/home/memzfs_projects/MLBuf_extension/OR_latest/build/CMakeFiles/CMakeScratch/TryCompile-m2oVVS'
gmake: *** [Makefile:127: cmTC_bd829/fast] Error 2



